C:\Users\ASUS\AppData\Local\Programs\Python\Python313\Lib\site-packages\django\core\handlers\base.py:61: UserWarning: No directory at: D:\Project\gas\backend\staticfiles\
  mw_instance = middleware(adapted_handler)
[10/May/2026 02:09:06] "GET /api/dashboard/ HTTP/1.1" 401 58
[10/May/2026 02:09:06,637] - Broken pipe from ('127.0.0.1', 60610)
[10/May/2026 02:11:26] "OPTIONS /api/auth/token/ HTTP/1.1" 200 0
[10/May/2026 02:11:28] "POST /api/auth/token/ HTTP/1.1" 200 483
[10/May/2026 02:11:28] "OPTIONS /api/dashboard/ HTTP/1.1" 200 0
[10/May/2026 02:11:28] "OPTIONS /api/dashboard/ HTTP/1.1" 200 0
[10/May/2026 02:11:28] "GET /api/dashboard/ HTTP/1.1" 200 982
[10/May/2026 02:11:28] "GET /api/dashboard/ HTTP/1.1" 200 982
[10/May/2026 02:11:33] "OPTIONS /api/locations/ HTTP/1.1" 200 0
[10/May/2026 02:11:33] "OPTIONS /api/cylinder-types/ HTTP/1.1" 200 0
[10/May/2026 02:11:33] "OPTIONS /api/locations/ HTTP/1.1" 200 0
[10/May/2026 02:11:33] "OPTIONS /api/cylinder-types/ HTTP/1.1" 200 0
[10/May/2026 02:11:33] "GET /api/locations/ HTTP/1.1" 200 305
[10/May/2026 02:11:33] "GET /api/cylinder-types/ HTTP/1.1" 200 1262
[10/May/2026 02:11:33] "GET /api/locations/ HTTP/1.1" 200 305
[10/May/2026 02:11:33] "GET /api/cylinder-types/ HTTP/1.1" 200 1262
[10/May/2026 02:11:34] "GET /api/cylinder-types/ HTTP/1.1" 200 1262
[10/May/2026 02:11:34] "GET /api/locations/ HTTP/1.1" 200 305
[10/May/2026 02:11:34] "GET /api/locations/ HTTP/1.1" 200 305
[10/May/2026 02:11:34] "GET /api/cylinder-types/ HTTP/1.1" 200 1262
[10/May/2026 02:11:34] "OPTIONS /api/reports/ HTTP/1.1" 200 0
[10/May/2026 02:11:34] "OPTIONS /api/reports/ HTTP/1.1" 200 0
[10/May/2026 02:11:34] "GET /api/reports/ HTTP/1.1" 200 263
[10/May/2026 02:11:34] "GET /api/reports/ HTTP/1.1" 200 263
[10/May/2026 02:11:35] "GET /api/dashboard/ HTTP/1.1" 200 982
[10/May/2026 02:11:35] "GET /api/dashboard/ HTTP/1.1" 200 982
[10/May/2026 02:11:52] "GET /api/locations/ HTTP/1.1" 200 305
[10/May/2026 02:11:52] "GET /api/cylinder-types/ HTTP/1.1" 200 1262
[10/May/2026 02:11:52] "GET /api/locations/ HTTP/1.1" 200 305
[10/May/2026 02:11:52] "GET /api/cylinder-types/ HTTP/1.1" 200 1262
[10/May/2026 02:11:53] "GET /api/cylinder-types/ HTTP/1.1" 200 1262
[10/May/2026 02:11:53] "GET /api/locations/ HTTP/1.1" 200 305
[10/May/2026 02:11:54] "GET /api/cylinder-types/ HTTP/1.1" 200 1262
[10/May/2026 02:11:54] "GET /api/locations/ HTTP/1.1" 200 305
[10/May/2026 02:11:56] "GET /api/locations/ HTTP/1.1" 200 305
[10/May/2026 02:11:56] "GET /api/cylinder-types/ HTTP/1.1" 200 1262
[10/May/2026 02:11:56] "GET /api/reports/ HTTP/1.1" 200 263
[10/May/2026 02:11:57] "GET /api/locations/ HTTP/1.1" 200 305
[10/May/2026 02:11:57] "GET /api/cylinder-types/ HTTP/1.1" 200 1262
[10/May/2026 02:11:57] "GET /api/locations/ HTTP/1.1" 200 305
[10/May/2026 02:11:57] "GET /api/cylinder-types/ HTTP/1.1" 200 1262
[10/May/2026 02:11:57] "GET /api/locations/ HTTP/1.1" 200 305
[10/May/2026 02:11:57] "GET /api/cylinder-types/ HTTP/1.1" 200 1262
[10/May/2026 02:11:57] "GET /api/reports/ HTTP/1.1" 200 263
[10/May/2026 02:11:59] "GET /api/locations/ HTTP/1.1" 200 305
[10/May/2026 02:11:59] "GET /api/cylinder-types/ HTTP/1.1" 200 1262
[10/May/2026 02:11:59] "GET /api/cylinder-types/ HTTP/1.1" 200 1262
[10/May/2026 02:11:59] "GET /api/locations/ HTTP/1.1" 200 305
[10/May/2026 02:12:00] "GET /api/locations/ HTTP/1.1" 200 305
[10/May/2026 02:12:00] "GET /api/cylinder-types/ HTTP/1.1" 200 1262
[10/May/2026 02:12:00] "GET /api/locations/ HTTP/1.1" 200 305
[10/May/2026 02:12:00] "GET /api/cylinder-types/ HTTP/1.1" 200 1262
[10/May/2026 02:12:01] "GET /api/dashboard/ HTTP/1.1" 200 982
[10/May/2026 02:12:01] "GET /api/dashboard/ HTTP/1.1" 200 982
[10/May/2026 02:12:17] "GET /api/cylinder-types/ HTTP/1.1" 200 1262
[10/May/2026 02:12:17] "GET /api/locations/ HTTP/1.1" 200 305
[10/May/2026 02:12:17] "GET /api/locations/ HTTP/1.1" 200 305
[10/May/2026 02:12:17] "GET /api/cylinder-types/ HTTP/1.1" 200 1262
[10/May/2026 02:12:25] "GET /api/cylinder-types/ HTTP/1.1" 200 1262
[10/May/2026 02:12:25] "GET /api/locations/ HTTP/1.1" 200 305
[10/May/2026 02:12:25] "GET /api/cylinder-types/ HTTP/1.1" 200 1262
[10/May/2026 02:12:25] "GET /api/locations/ HTTP/1.1" 200 305
[10/May/2026 02:12:28] "GET /api/reports/ HTTP/1.1" 200 263
[10/May/2026 02:12:28] "GET /api/reports/ HTTP/1.1" 200 263
[10/May/2026 02:12:33] "GET /api/dashboard/ HTTP/1.1" 200 982
[10/May/2026 02:12:33] "GET /api/dashboard/ HTTP/1.1" 200 982
[10/May/2026 02:13:00] "GET /api/locations/ HTTP/1.1" 200 305
[10/May/2026 02:13:00] "GET /api/cylinder-types/ HTTP/1.1" 200 1262
[10/May/2026 02:13:00] "GET /api/locations/ HTTP/1.1" 200 305
[10/May/2026 02:13:00] "GET /api/cylinder-types/ HTTP/1.1" 200 1262
[10/May/2026 02:13:51] "GET /api/reports/ HTTP/1.1" 200 263
[10/May/2026 02:13:51] "GET /api/reports/ HTTP/1.1" 200 263
[10/May/2026 20:09:35] "OPTIONS /api/reports/ HTTP/1.1" 200 0
[10/May/2026 20:09:35] "OPTIONS /api/reports/ HTTP/1.1" 200 0
[10/May/2026 20:09:35] "GET /api/reports/ HTTP/1.1" 401 183
[10/May/2026 20:09:35] "GET /api/reports/ HTTP/1.1" 401 183
[10/May/2026 20:09:40] "OPTIONS /api/dashboard/ HTTP/1.1" 200 0
[10/May/2026 20:09:40] "OPTIONS /api/dashboard/ HTTP/1.1" 200 0
[10/May/2026 20:09:40] "GET /api/dashboard/ HTTP/1.1" 401 183
[10/May/2026 20:09:40] "GET /api/dashboard/ HTTP/1.1" 401 183
[10/May/2026 20:10:06] "OPTIONS /api/locations/ HTTP/1.1" 200 0
[10/May/2026 20:10:06] "OPTIONS /api/cylinder-types/ HTTP/1.1" 200 0
[10/May/2026 20:10:06] "OPTIONS /api/locations/ HTTP/1.1" 200 0
[10/May/2026 20:10:06] "OPTIONS /api/cylinder-types/ HTTP/1.1" 200 0
[10/May/2026 20:10:06] "GET /api/locations/ HTTP/1.1" 401 183
[10/May/2026 20:10:06] "GET /api/locations/ HTTP/1.1" 401 183
[10/May/2026 20:10:06] "GET /api/cylinder-types/ HTTP/1.1" 401 183
[10/May/2026 20:10:06] "GET /api/cylinder-types/ HTTP/1.1" 401 183
[10/May/2026 20:10:30] "GET /api/cylinder-types/ HTTP/1.1" 401 183
[10/May/2026 20:10:30] "GET /api/locations/ HTTP/1.1" 401 183
[10/May/2026 20:10:30] "GET /api/cylinder-types/ HTTP/1.1" 401 183
[10/May/2026 20:10:30] "GET /api/locations/ HTTP/1.1" 401 183
[10/May/2026 20:10:35] "GET /api/locations/ HTTP/1.1" 401 183
[10/May/2026 20:10:35] "GET /api/cylinder-types/ HTTP/1.1" 401 183
[10/May/2026 20:10:35] "GET /api/locations/ HTTP/1.1" 401 183
[10/May/2026 20:10:35] "GET /api/cylinder-types/ HTTP/1.1" 401 183
[10/May/2026 20:10:37] "GET /api/cylinder-types/ HTTP/1.1" 401 183
[10/May/2026 20:10:37] "GET /api/locations/ HTTP/1.1" 401 183
[10/May/2026 20:10:37] "GET /api/cylinder-types/ HTTP/1.1" 401 183
[10/May/2026 20:10:37] "GET /api/locations/ HTTP/1.1" 401 183
[10/May/2026 20:11:10] "GET /api/reports/ HTTP/1.1" 401 183
[10/May/2026 20:11:10] "GET /api/reports/ HTTP/1.1" 401 183
[10/May/2026 20:11:57] "GET /api/dashboard/ HTTP/1.1" 401 183
[10/May/2026 20:11:57] "GET /api/dashboard/ HTTP/1.1" 401 183
[10/May/2026 20:11:59] "GET /api/locations/ HTTP/1.1" 401 183
[10/May/2026 20:11:59] "GET /api/cylinder-types/ HTTP/1.1" 401 183
[10/May/2026 20:11:59] "GET /api/locations/ HTTP/1.1" 401 183
[10/May/2026 20:11:59] "GET /api/cylinder-types/ HTTP/1.1" 401 183
[10/May/2026 20:12:00] "GET /api/cylinder-types/ HTTP/1.1" 401 183
[10/May/2026 20:12:00] "GET /api/locations/ HTTP/1.1" 401 183
[10/May/2026 20:12:00] "GET /api/locations/ HTTP/1.1" 401 183
[10/May/2026 20:12:00] "GET /api/cylinder-types/ HTTP/1.1" 401 183
[10/May/2026 20:12:01] "GET /api/reports/ HTTP/1.1" 401 183
[10/May/2026 20:12:01] "GET /api/reports/ HTTP/1.1" 401 183
[10/May/2026 20:12:04] "GET /api/dashboard/ HTTP/1.1" 401 183
[10/May/2026 20:12:04] "GET /api/dashboard/ HTTP/1.1" 401 183
[10/May/2026 20:12:06] "GET /api/cylinder-types/ HTTP/1.1" 401 183
[10/May/2026 20:12:06] "GET /api/locations/ HTTP/1.1" 401 183
[10/May/2026 20:12:06] "GET /api/locations/ HTTP/1.1" 401 183
[10/May/2026 20:12:06] "GET /api/cylinder-types/ HTTP/1.1" 401 183
[10/May/2026 20:12:08] "GET /api/dashboard/ HTTP/1.1" 401 183
[10/May/2026 20:12:08] "GET /api/dashboard/ HTTP/1.1" 401 183
[10/May/2026 20:17:30] "GET /api/cylinder-types/ HTTP/1.1" 401 183
[10/May/2026 20:17:30] "GET /api/locations/ HTTP/1.1" 401 183
[10/May/2026 20:17:30] "GET /api/cylinder-types/ HTTP/1.1" 401 183
[10/May/2026 20:17:30] "GET /api/locations/ HTTP/1.1" 401 183
[10/May/2026 20:19:13] "GET /api/locations/ HTTP/1.1" 401 183
[10/May/2026 20:19:13] "GET /api/cylinder-types/ HTTP/1.1" 401 183
[10/May/2026 20:19:13] "GET /api/locations/ HTTP/1.1" 401 183
[10/May/2026 20:19:13] "GET /api/cylinder-types/ HTTP/1.1" 401 183
[10/May/2026 20:20:10] "GET /api/reports/ HTTP/1.1" 401 183
[10/May/2026 20:20:10] "GET /api/reports/ HTTP/1.1" 401 183
[10/May/2026 20:20:13] "GET /api/cylinder-types/ HTTP/1.1" 401 183
[10/May/2026 20:20:13] "GET /api/locations/ HTTP/1.1" 401 183
[10/May/2026 20:20:13] "GET /api/cylinder-types/ HTTP/1.1" 401 183
[10/May/2026 20:20:13] "GET /api/locations/ HTTP/1.1" 401 183
[10/May/2026 20:20:18] "OPTIONS /api/sales/ HTTP/1.1" 200 0
[10/May/2026 20:20:18] "POST /api/sales/ HTTP/1.1" 401 183
[10/May/2026 20:20:27] "GET /api/locations/ HTTP/1.1" 401 183
[10/May/2026 20:20:27] "GET /api/cylinder-types/ HTTP/1.1" 401 183
[10/May/2026 20:20:27] "GET /api/locations/ HTTP/1.1" 401 183
[10/May/2026 20:20:27] "GET /api/cylinder-types/ HTTP/1.1" 401 183
[10/May/2026 20:20:30] "GET /api/reports/ HTTP/1.1" 401 183
[10/May/2026 20:20:30] "GET /api/reports/ HTTP/1.1" 401 183
[10/May/2026 20:21:10] "GET /api/dashboard/ HTTP/1.1" 401 183
[10/May/2026 20:21:10] "GET /api/dashboard/ HTTP/1.1" 401 183
[10/May/2026 20:21:13] "GET /api/locations/ HTTP/1.1" 401 183
[10/May/2026 20:21:13] "GET /api/cylinder-types/ HTTP/1.1" 401 183
[10/May/2026 20:21:13] "GET /api/cylinder-types/ HTTP/1.1" 401 183
[10/May/2026 20:21:13] "GET /api/locations/ HTTP/1.1" 401 183
[10/May/2026 20:21:14] "GET /api/dashboard/ HTTP/1.1" 401 183
[10/May/2026 20:21:14] "GET /api/dashboard/ HTTP/1.1" 401 183
[10/May/2026 20:35:01] "GET /api/cylinder-types/ HTTP/1.1" 401 183
[10/May/2026 20:35:01] "GET /api/locations/ HTTP/1.1" 401 183
[10/May/2026 20:35:01] "GET /api/locations/ HTTP/1.1" 401 183
[10/May/2026 20:35:01] "GET /api/cylinder-types/ HTTP/1.1" 401 183
[10/May/2026 20:35:04] "GET /api/cylinder-types/ HTTP/1.1" 401 183
[10/May/2026 20:35:04] "GET /api/locations/ HTTP/1.1" 401 183
[10/May/2026 20:35:04] "GET /api/locations/ HTTP/1.1" 401 183
[10/May/2026 20:35:04] "GET /api/cylinder-types/ HTTP/1.1" 401 183
[10/May/2026 20:35:05] "GET /api/reports/ HTTP/1.1" 401 183
[10/May/2026 20:35:05] "GET /api/reports/ HTTP/1.1" 401 183
[10/May/2026 20:35:07] "GET /api/dashboard/ HTTP/1.1" 401 183
[10/May/2026 20:35:07] "GET /api/dashboard/ HTTP/1.1" 401 183
[10/May/2026 20:35:19] "GET /api/cylinder-types/ HTTP/1.1" 401 183
[10/May/2026 20:35:19] "GET /api/locations/ HTTP/1.1" 401 183
[10/May/2026 20:35:19] "GET /api/locations/ HTTP/1.1" 401 183
[10/May/2026 20:35:19] "GET /api/cylinder-types/ HTTP/1.1" 401 183
[10/May/2026 20:35:20] "GET /api/cylinder-types/ HTTP/1.1" 401 183
[10/May/2026 20:35:20] "GET /api/locations/ HTTP/1.1" 401 183
[10/May/2026 20:35:20] "GET /api/cylinder-types/ HTTP/1.1" 401 183
[10/May/2026 20:35:20] "GET /api/locations/ HTTP/1.1" 401 183
[10/May/2026 20:35:22] "GET /api/reports/ HTTP/1.1" 401 183
[10/May/2026 20:35:22] "GET /api/reports/ HTTP/1.1" 401 183
[10/May/2026 20:35:26] "GET /api/dashboard/ HTTP/1.1" 401 183
[10/May/2026 20:35:26] "GET /api/dashboard/ HTTP/1.1" 401 183
[10/May/2026 21:05:36] "GET /api/dashboard/ HTTP/1.1" 401 183
[10/May/2026 21:05:36] "GET /api/dashboard/ HTTP/1.1" 401 183
[10/May/2026 21:05:53] "GET /api/locations/ HTTP/1.1" 401 183
[10/May/2026 21:05:53] "GET /api/cylinder-types/ HTTP/1.1" 401 183
[10/May/2026 21:05:53] "GET /api/locations/ HTTP/1.1" 401 183
[10/May/2026 21:05:53] "GET /api/cylinder-types/ HTTP/1.1" 401 183
[10/May/2026 21:05:54] "GET /api/cylinder-types/ HTTP/1.1" 401 183
[10/May/2026 21:05:54] "GET /api/locations/ HTTP/1.1" 401 183
[10/May/2026 21:05:54] "GET /api/locations/ HTTP/1.1" 401 183
[10/May/2026 21:05:54] "GET /api/cylinder-types/ HTTP/1.1" 401 183
[10/May/2026 21:05:55] "GET /api/reports/ HTTP/1.1" 401 183
[10/May/2026 21:05:55] "GET /api/reports/ HTTP/1.1" 401 183
[10/May/2026 21:05:57] "GET /api/dashboard/ HTTP/1.1" 401 183
[10/May/2026 21:05:57] "GET /api/dashboard/ HTTP/1.1" 401 183
[10/May/2026 22:09:35] "GET /api/dashboard/ HTTP/1.1" 401 183
[10/May/2026 22:09:35] "GET /api/dashboard/ HTTP/1.1" 401 183
[10/May/2026 22:58:53] "OPTIONS /api/reports/ HTTP/1.1" 200 0
[10/May/2026 22:58:53] "OPTIONS /api/reports/ HTTP/1.1" 200 0
[10/May/2026 22:58:53] "GET /api/reports/ HTTP/1.1" 401 183
[10/May/2026 22:58:53] "GET /api/reports/ HTTP/1.1" 401 183
[10/May/2026 23:08:21] "OPTIONS /api/dashboard/ HTTP/1.1" 200 0
[10/May/2026 23:08:21] "OPTIONS /api/dashboard/ HTTP/1.1" 200 0
[10/May/2026 23:08:21] "GET /api/dashboard/ HTTP/1.1" 401 183
[10/May/2026 23:08:21] "GET /api/dashboard/ HTTP/1.1" 401 183
[10/May/2026 23:29:14] "GET /api/dashboard/ HTTP/1.1" 401 183
[10/May/2026 23:29:14] "GET /api/dashboard/ HTTP/1.1" 401 183
[10/May/2026 23:38:08] "OPTIONS /api/locations/ HTTP/1.1" 200 0
[10/May/2026 23:38:08] "OPTIONS /api/cylinder-types/ HTTP/1.1" 200 0
[10/May/2026 23:38:08] "GET /api/locations/ HTTP/1.1" 401 183
[10/May/2026 23:38:08] "OPTIONS /api/locations/ HTTP/1.1" 200 0
[10/May/2026 23:38:08] "GET /api/cylinder-types/ HTTP/1.1" 401 183
[10/May/2026 23:38:08] "OPTIONS /api/cylinder-types/ HTTP/1.1" 200 0
[10/May/2026 23:38:08] "GET /api/locations/ HTTP/1.1" 401 183
[10/May/2026 23:38:08] "GET /api/cylinder-types/ HTTP/1.1" 401 183
[11/May/2026 11:59:05] "OPTIONS /api/cylinder-types/ HTTP/1.1" 200 0
[11/May/2026 11:59:05] "OPTIONS /api/locations/ HTTP/1.1" 200 0
[11/May/2026 11:59:05] "GET /api/cylinder-types/ HTTP/1.1" 401 183
[11/May/2026 11:59:05] "GET /api/locations/ HTTP/1.1" 401 183
[11/May/2026 11:59:05] "OPTIONS /api/cylinder-types/ HTTP/1.1" 200 0
[11/May/2026 11:59:05] "GET /api/cylinder-types/ HTTP/1.1" 401 183
[11/May/2026 11:59:05] "OPTIONS /api/locations/ HTTP/1.1" 200 0
[11/May/2026 11:59:05] "GET /api/locations/ HTTP/1.1" 401 183
[11/May/2026 12:43:59] "GET /api/cylinder-types/ HTTP/1.1" 401 183
[11/May/2026 12:43:59] "GET /api/locations/ HTTP/1.1" 401 183
[11/May/2026 12:46:26] "OPTIONS /api/dashboard/ HTTP/1.1" 200 0
[11/May/2026 12:46:26] "OPTIONS /api/dashboard/ HTTP/1.1" 200 0
[11/May/2026 12:46:26] "GET /api/dashboard/ HTTP/1.1" 401 183
[11/May/2026 12:46:26] "GET /api/dashboard/ HTTP/1.1" 401 183
[11/May/2026 12:46:28] "GET /api/locations/ HTTP/1.1" 401 183
[11/May/2026 12:46:28] "GET /api/cylinder-types/ HTTP/1.1" 401 183
[11/May/2026 12:46:28] "GET /api/locations/ HTTP/1.1" 401 183
[11/May/2026 12:46:28] "GET /api/cylinder-types/ HTTP/1.1" 401 183
[11/May/2026 12:48:00] "GET /api/locations/ HTTP/1.1" 401 183
[11/May/2026 12:48:00] "GET /api/cylinder-types/ HTTP/1.1" 401 183
[11/May/2026 12:50:57] "GET /api/cylinder-types/ HTTP/1.1" 401 183
[11/May/2026 12:50:57] "GET /api/locations/ HTTP/1.1" 401 183
[11/May/2026 12:50:57] "GET /api/cylinder-types/ HTTP/1.1" 401 183
[11/May/2026 12:50:57] "GET /api/locations/ HTTP/1.1" 401 183
[11/May/2026 12:56:11] "GET /api/cylinder-types/ HTTP/1.1" 401 183
[11/May/2026 12:56:11] "GET /api/locations/ HTTP/1.1" 401 183
[11/May/2026 12:56:11] "GET /api/cylinder-types/ HTTP/1.1" 401 183
[11/May/2026 12:56:11] "GET /api/locations/ HTTP/1.1" 401 183
C:\Users\ASUS\AppData\Local\Programs\Python\Python313\Lib\site-packages\django\core\handlers\base.py:61: UserWarning: No directory at: D:\Project\gas\backend\staticfiles\
  mw_instance = middleware(adapted_handler)
C:\Users\ASUS\AppData\Local\Programs\Python\Python313\Lib\site-packages\django\core\handlers\base.py:61: UserWarning: No directory at: D:\Project\gas\backend\staticfiles\
  mw_instance = middleware(adapted_handler)
C:\Users\ASUS\AppData\Local\Programs\Python\Python313\Lib\site-packages\django\core\handlers\base.py:61: UserWarning: No directory at: D:\Project\gas\backend\staticfiles\
  mw_instance = middleware(adapted_handler)
C:\Users\ASUS\AppData\Local\Programs\Python\Python313\Lib\site-packages\django\core\handlers\base.py:61: UserWarning: No directory at: D:\Project\gas\backend\staticfiles\
  mw_instance = middleware(adapted_handler)
[11/May/2026 13:02:04] "GET /api/locations/ HTTP/1.1" 401 183
[11/May/2026 13:02:04] "GET /api/cylinder-types/ HTTP/1.1" 401 183
C:\Users\ASUS\AppData\Local\Programs\Python\Python313\Lib\site-packages\django\core\handlers\base.py:61: UserWarning: No directory at: D:\Project\gas\backend\staticfiles\
  mw_instance = middleware(adapted_handler)
[11/May/2026 13:03:50] "OPTIONS /api/sales/ HTTP/1.1" 200 0
[11/May/2026 13:03:50] "GET /api/sales/ HTTP/1.1" 401 183
[11/May/2026 15:10:13] "OPTIONS /api/cylinder-types/ HTTP/1.1" 200 0
[11/May/2026 15:10:13] "OPTIONS /api/locations/ HTTP/1.1" 200 0
[11/May/2026 15:10:13] "OPTIONS /api/cylinder-types/ HTTP/1.1" 200 0
[11/May/2026 15:10:13] "OPTIONS /api/locations/ HTTP/1.1" 200 0
[11/May/2026 15:10:13] "GET /api/locations/ HTTP/1.1" 401 183
[11/May/2026 15:10:13] "GET /api/cylinder-types/ HTTP/1.1" 401 183
[11/May/2026 15:10:13] "GET /api/cylinder-types/ HTTP/1.1" 401 183
[11/May/2026 15:10:13] "GET /api/locations/ HTTP/1.1" 401 183
[11/May/2026 15:11:55] "GET /api/cylinder-types/ HTTP/1.1" 401 183
[11/May/2026 15:11:55] "GET /api/locations/ HTTP/1.1" 401 183
[11/May/2026 15:12:24] "OPTIONS /api/reports/ HTTP/1.1" 200 0
[11/May/2026 15:12:24] "OPTIONS /api/reports/ HTTP/1.1" 200 0
[11/May/2026 15:12:24] "GET /api/reports/ HTTP/1.1" 401 183
[11/May/2026 15:12:24] "GET /api/reports/ HTTP/1.1" 401 183
[11/May/2026 15:12:37] "OPTIONS /api/dashboard/ HTTP/1.1" 200 0
[11/May/2026 15:12:37] "OPTIONS /api/dashboard/ HTTP/1.1" 200 0
[11/May/2026 15:12:37] "GET /api/dashboard/ HTTP/1.1" 401 183
[11/May/2026 15:12:37] "GET /api/dashboard/ HTTP/1.1" 401 183
[11/May/2026 15:13:10] "GET /api/dashboard/ HTTP/1.1" 401 183
[11/May/2026 15:13:10] "GET /api/dashboard/ HTTP/1.1" 401 183
C:\Users\ASUS\AppData\Local\Programs\Python\Python313\Lib\site-packages\django\core\handlers\base.py:61: UserWarning: No directory at: D:\Project\gas\backend\staticfiles\
  mw_instance = middleware(adapted_handler)
[11/May/2026 15:28:13] "GET /api/dashboard/ HTTP/1.1" 401 183
[11/May/2026 15:28:13] "GET /api/dashboard/ HTTP/1.1" 401 183
[11/May/2026 15:28:13] "OPTIONS /api/auth/token/refresh/ HTTP/1.1" 200 0
[11/May/2026 15:28:13] "POST /api/auth/token/refresh/ HTTP/1.1" 401 65
[11/May/2026 15:28:13] "POST /api/auth/token/refresh/ HTTP/1.1" 401 65
[11/May/2026 15:28:21] "OPTIONS /api/auth/token/ HTTP/1.1" 200 0
[11/May/2026 15:28:21] "POST /api/auth/token/ HTTP/1.1" 200 483
[11/May/2026 15:28:22] "GET /api/dashboard/ HTTP/1.1" 200 1270
[11/May/2026 15:28:22] "GET /api/dashboard/ HTTP/1.1" 200 1270
[11/May/2026 15:28:28] "GET /api/locations/ HTTP/1.1" 200 305
[11/May/2026 15:28:28] "GET /api/locations/ HTTP/1.1" 200 305
[11/May/2026 15:28:28] "GET /api/cylinder-types/ HTTP/1.1" 200 1262
[11/May/2026 15:28:28] "GET /api/cylinder-types/ HTTP/1.1" 200 1262
[11/May/2026 15:28:31] "GET /api/locations/ HTTP/1.1" 200 305
[11/May/2026 15:28:31] "GET /api/cylinder-types/ HTTP/1.1" 200 1262
[11/May/2026 15:28:31] "GET /api/locations/ HTTP/1.1" 200 305
[11/May/2026 15:28:31] "GET /api/cylinder-types/ HTTP/1.1" 200 1262
[11/May/2026 15:28:36] "GET /api/reports/ HTTP/1.1" 200 263
[11/May/2026 15:28:36] "GET /api/reports/ HTTP/1.1" 200 263
[11/May/2026 15:28:39] "GET /api/dashboard/ HTTP/1.1" 200 1270
[11/May/2026 15:28:39] "GET /api/dashboard/ HTTP/1.1" 200 1270
[11/May/2026 16:53:37] "POST /api/auth/token/ HTTP/1.1" 200 483
[11/May/2026 16:53:38] "GET /api/dashboard/ HTTP/1.1" 200 1270
[11/May/2026 16:53:38] "GET /api/dashboard/ HTTP/1.1" 200 1270
[11/May/2026 16:53:38,580] - Broken pipe from ('127.0.0.1', 51041)
[11/May/2026 16:55:53] "GET /api/cylinder-types/ HTTP/1.1" 200 1262
[11/May/2026 16:55:53] "GET /api/locations/ HTTP/1.1" 200 305
[11/May/2026 16:55:53] "GET /api/cylinder-types/ HTTP/1.1" 200 1262
[11/May/2026 16:55:53] "GET /api/locations/ HTTP/1.1" 200 305
[11/May/2026 16:55:55] "GET /api/locations/ HTTP/1.1" 200 305
[11/May/2026 16:55:55] "GET /api/cylinder-types/ HTTP/1.1" 200 1262
[11/May/2026 16:55:55] "GET /api/locations/ HTTP/1.1" 200 305
[11/May/2026 16:55:55] "GET /api/cylinder-types/ HTTP/1.1" 200 1262
[11/May/2026 16:55:56] "GET /api/reports/ HTTP/1.1" 200 263
[11/May/2026 16:55:56] "GET /api/reports/ HTTP/1.1" 200 263
[11/May/2026 16:55:56] "GET /api/cylinder-types/ HTTP/1.1" 200 1262
[11/May/2026 16:55:56] "GET /api/locations/ HTTP/1.1" 200 305
[11/May/2026 16:55:56] "GET /api/locations/ HTTP/1.1" 200 305
[11/May/2026 16:55:56] "GET /api/cylinder-types/ HTTP/1.1" 200 1262
[11/May/2026 16:55:57] "GET /api/locations/ HTTP/1.1" 200 305
[11/May/2026 16:55:57] "GET /api/cylinder-types/ HTTP/1.1" 200 1262
[11/May/2026 16:55:57] "GET /api/cylinder-types/ HTTP/1.1" 200 1262
[11/May/2026 16:55:57] "GET /api/locations/ HTTP/1.1" 200 305
[11/May/2026 16:55:57] "GET /api/dashboard/ HTTP/1.1" 200 1270
[11/May/2026 16:55:57] "GET /api/dashboard/ HTTP/1.1" 200 1270
[11/May/2026 16:56:07] "GET /api/cylinder-types/ HTTP/1.1" 200 1262
[11/May/2026 16:56:07] "GET /api/locations/ HTTP/1.1" 200 305
[11/May/2026 16:56:07] "GET /api/locations/ HTTP/1.1" 200 305
[11/May/2026 16:56:07] "GET /api/cylinder-types/ HTTP/1.1" 200 1262
[11/May/2026 16:56:07] "GET /api/locations/ HTTP/1.1" 200 305
[11/May/2026 16:56:07] "GET /api/cylinder-types/ HTTP/1.1" 200 1262
[11/May/2026 16:56:07] "GET /api/cylinder-types/ HTTP/1.1" 200 1262
[11/May/2026 16:56:07] "GET /api/locations/ HTTP/1.1" 200 305
[11/May/2026 16:56:08] "GET /api/reports/ HTTP/1.1" 200 263
[11/May/2026 16:56:08] "GET /api/reports/ HTTP/1.1" 200 263
[11/May/2026 16:56:10] "GET /api/dashboard/ HTTP/1.1" 200 1270
[11/May/2026 16:56:10] "GET /api/dashboard/ HTTP/1.1" 200 1270
[11/May/2026 16:56:11] "GET /api/locations/ HTTP/1.1" 200 305
[11/May/2026 16:56:11] "GET /api/cylinder-types/ HTTP/1.1" 200 1262
[11/May/2026 16:56:11] "GET /api/cylinder-types/ HTTP/1.1" 200 1262
[11/May/2026 16:56:11] "GET /api/locations/ HTTP/1.1" 200 305
[11/May/2026 16:56:11] "GET /api/cylinder-types/ HTTP/1.1" 200 1262
[11/May/2026 16:56:11] "GET /api/locations/ HTTP/1.1" 200 305
[11/May/2026 16:56:11] "GET /api/cylinder-types/ HTTP/1.1" 200 1262
[11/May/2026 16:56:11] "GET /api/locations/ HTTP/1.1" 200 305
[11/May/2026 16:56:48] "GET /api/dashboard/ HTTP/1.1" 200 1270
[11/May/2026 16:56:48] "GET /api/dashboard/ HTTP/1.1" 200 1270
[11/May/2026 16:56:49] "GET /api/locations/ HTTP/1.1" 200 305
[11/May/2026 16:56:49] "GET /api/cylinder-types/ HTTP/1.1" 200 1262
[11/May/2026 16:56:49] "GET /api/locations/ HTTP/1.1" 200 305
[11/May/2026 16:56:49] "GET /api/cylinder-types/ HTTP/1.1" 200 1262
[11/May/2026 16:56:51] "GET /api/locations/ HTTP/1.1" 200 305
[11/May/2026 16:56:51] "GET /api/cylinder-types/ HTTP/1.1" 200 1262
[11/May/2026 16:56:51] "GET /api/cylinder-types/ HTTP/1.1" 200 1262
[11/May/2026 16:56:51] "GET /api/locations/ HTTP/1.1" 200 305
[11/May/2026 16:56:51] "GET /api/reports/ HTTP/1.1" 200 263
[11/May/2026 16:56:51] "GET /api/reports/ HTTP/1.1" 200 263
[11/May/2026 16:56:52] "GET /api/cylinder-types/ HTTP/1.1" 200 1262
[11/May/2026 16:56:52] "GET /api/locations/ HTTP/1.1" 200 305
[11/May/2026 16:56:52] "GET /api/locations/ HTTP/1.1" 200 305
[11/May/2026 16:56:52] "GET /api/cylinder-types/ HTTP/1.1" 200 1262
[11/May/2026 16:56:53] "GET /api/locations/ HTTP/1.1" 200 305
[11/May/2026 16:56:53] "GET /api/cylinder-types/ HTTP/1.1" 200 1262
[11/May/2026 16:56:53] "GET /api/locations/ HTTP/1.1" 200 305
[11/May/2026 16:56:53] "GET /api/cylinder-types/ HTTP/1.1" 200 1262
[11/May/2026 16:56:54] "GET /api/dashboard/ HTTP/1.1" 200 1270
[11/May/2026 16:56:54] "GET /api/dashboard/ HTTP/1.1" 200 1270
[11/May/2026 16:56:55] "GET /api/locations/ HTTP/1.1" 200 305
[11/May/2026 16:56:55] "GET /api/cylinder-types/ HTTP/1.1" 200 1262
[11/May/2026 16:56:55] "GET /api/cylinder-types/ HTTP/1.1" 200 1262
[11/May/2026 16:56:55] "GET /api/locations/ HTTP/1.1" 200 305
[11/May/2026 16:57:00] "OPTIONS /api/movements/ HTTP/1.1" 200 0
[11/May/2026 16:57:00] "GET /api/movements/ HTTP/1.1" 200 2
[11/May/2026 16:57:02] "GET /api/cylinder-types/ HTTP/1.1" 200 1262
[11/May/2026 16:57:02] "GET /api/locations/ HTTP/1.1" 200 305
[11/May/2026 16:57:02] "GET /api/cylinder-types/ HTTP/1.1" 200 1262
[11/May/2026 16:57:02] "GET /api/locations/ HTTP/1.1" 200 305
[11/May/2026 16:57:07] "GET /api/locations/ HTTP/1.1" 200 305
[11/May/2026 16:57:07] "GET /api/cylinder-types/ HTTP/1.1" 200 1262
[11/May/2026 16:57:07] "GET /api/locations/ HTTP/1.1" 200 305
[11/May/2026 16:57:07] "GET /api/cylinder-types/ HTTP/1.1" 200 1262
[11/May/2026 16:57:08] "GET /api/dashboard/ HTTP/1.1" 200 1270
[11/May/2026 16:57:08] "GET /api/dashboard/ HTTP/1.1" 200 1270
